c:\users\snigdhaman\documents\visual studio 2013\projects\trial_project\trial_project\debug\vc120.pdb
c:\users\snigdhaman\documents\visual studio 2013\projects\trial_project\trial_project\debug\vc120.idb
c:\users\snigdhaman\documents\visual studio 2013\projects\trial_project\trial_project\debug\entity.obj
c:\users\snigdhaman\documents\visual studio 2013\projects\trial_project\trial_project\debug\scenenode.obj
c:\users\snigdhaman\documents\visual studio 2013\projects\trial_project\trial_project\debug\game.obj
c:\users\snigdhaman\documents\visual studio 2013\projects\trial_project\trial_project\debug\main.obj
c:\users\snigdhaman\documents\visual studio 2013\projects\trial_project\trial_project\debug\aircraft.obj
c:\users\snigdhaman\documents\visual studio 2013\projects\trial_project\trial_project\debug\spritenode.obj
c:\users\snigdhaman\documents\visual studio 2013\projects\trial_project\debug\trial_project.ilk
c:\users\snigdhaman\documents\visual studio 2013\projects\trial_project\debug\trial_project.exe
c:\users\snigdhaman\documents\visual studio 2013\projects\trial_project\debug\trial_project.pdb
c:\users\snigdhaman\documents\visual studio 2013\projects\trial_project\trial_project\debug\trial_project.res
c:\users\snigdhaman\documents\visual studio 2013\projects\trial_project\trial_project\debug\trial_project.tlog\cl.command.1.tlog
c:\users\snigdhaman\documents\visual studio 2013\projects\trial_project\trial_project\debug\trial_project.tlog\cl.read.1.tlog
c:\users\snigdhaman\documents\visual studio 2013\projects\trial_project\trial_project\debug\trial_project.tlog\cl.write.1.tlog
c:\users\snigdhaman\documents\visual studio 2013\projects\trial_project\trial_project\debug\trial_project.tlog\link.command.1.tlog
c:\users\snigdhaman\documents\visual studio 2013\projects\trial_project\trial_project\debug\trial_project.tlog\link.read.1.tlog
c:\users\snigdhaman\documents\visual studio 2013\projects\trial_project\trial_project\debug\trial_project.tlog\link.write.1.tlog
c:\users\snigdhaman\documents\visual studio 2013\projects\trial_project\trial_project\debug\trial_project.tlog\rc.command.1.tlog
c:\users\snigdhaman\documents\visual studio 2013\projects\trial_project\trial_project\debug\trial_project.tlog\rc.read.1.tlog
c:\users\snigdhaman\documents\visual studio 2013\projects\trial_project\trial_project\debug\trial_project.tlog\rc.write.1.tlog
