Build started 21-03-2015 13:13:16.
     1>Project "C:\Users\SNIGDHAMAN\documents\visual studio 2013\Projects\Trial_Project\Trial_Project\Trial_Project.vcxproj" on node 2 (Build target(s)).
     1>ClCompile:
         C:\Program Files (x86)\Microsoft Visual Studio 12.0\VC\bin\CL.exe /c /ZI /nologo /W3 /WX- /sdl /Od /Oy- /D _MBCS /Gm /EHsc /RTC1 /MDd /GS /fp:precise /Zc:wchar_t /Zc:forScope /Fo"Debug\\" /Fd"Debug\vc120.pdb" /Gd /TP /analyze- /errorReport:prompt Command.cpp Game.cpp MusicPlayer.cpp World.cpp main.cpp
         Command.cpp
         Generating Code...
         Compiling...
         main.cpp
         World.cpp
     1>c:\users\snigdhaman\documents\visual studio 2013\projects\trial_project\trial_project\world.cpp(156): warning C4172: returning address of local variable or temporary
     1>c:\users\snigdhaman\documents\visual studio 2013\projects\trial_project\trial_project\world.cpp(219): warning C4018: '<=' : signed/unsigned mismatch
         MusicPlayer.cpp
         Game.cpp
     1>c:\users\snigdhaman\documents\visual studio 2013\projects\trial_project\trial_project\game.cpp(4): warning C4244: 'argument' : conversion from 'float' to 'unsigned int', possible loss of data
         Generating Code...
       Link:
         C:\Program Files (x86)\Microsoft Visual Studio 12.0\VC\bin\link.exe /ERRORREPORT:PROMPT /OUT:"C:\Users\SNIGDHAMAN\documents\visual studio 2013\Projects\Trial_Project\Debug\Trial_Project.exe" /INCREMENTAL /NOLOGO "sfml-system-d.lib" "sfml-window-d.lib" "sfml-graphics-d.lib" "sfml-audio-d.lib" kernel32.lib user32.lib gdi32.lib winspool.lib comdlg32.lib advapi32.lib shell32.lib ole32.lib oleaut32.lib uuid.lib odbc32.lib odbccp32.lib /MANIFEST /MANIFESTUAC:"level='asInvoker' uiAccess='false'" /manifest:embed /DEBUG /PDB:"C:\Users\SNIGDHAMAN\documents\visual studio 2013\Projects\Trial_Project\Debug\Trial_Project.pdb" /TLBID:1 /DYNAMICBASE /NXCOMPAT /IMPLIB:"C:\Users\SNIGDHAMAN\documents\visual studio 2013\Projects\Trial_Project\Debug\Trial_Project.lib" /MACHINE:X86 Debug\Trial_Project.res
         Debug\Aircraft.obj
         Debug\Command.obj
         Debug\Entity.obj
         Debug\Game.obj
         Debug\main.obj
         Debug\MusicPlayer.obj
         Debug\Projectile.obj
         Debug\SceneNode.obj
         Debug\SpriteNode.obj
         Debug\World.obj
         Trial_Project.vcxproj -> C:\Users\SNIGDHAMAN\documents\visual studio 2013\Projects\Trial_Project\Debug\Trial_Project.exe
     1>Done Building Project "C:\Users\SNIGDHAMAN\documents\visual studio 2013\Projects\Trial_Project\Trial_Project\Trial_Project.vcxproj" (Build target(s)).

Build succeeded.

Time Elapsed 00:00:11.75
